# JRE version: Java(TM) SE Runtime Environment (8.0_101-b13) (build 1.8.0_101-b13)
# Java VM: Java HotSpot(TM) Client VM (25.101-b13 mixed mode windows-x86 )
Heap:
 par new generation   total 235968K, used 115410K [0x04a00000, 0x14a00000, 0x14a00000)
  eden space 209792K,  45% used [0x04a00000, 0x0a774078, 0x116e0000)
  from space 26176K,  75% used [0x13070000, 0x143b0a50, 0x14a00000)
  to   space 26176K,   0% used [0x116e0000, 0x116e0000, 0x13070000)
 concurrent mark-sweep generation total 786432K, used 329503K [0x14a00000, 0x44a00000, 0x44a00000)
 Metaspace       used 39971K, capacity 41279K, committed 41344K, reserved 41344K
GC Heap History (10 events):
Event: 4109.133 GC heap before
{Heap before GC invocations=176 (full 11):
 par new generation   total 235968K, used 219073K [0x04a00000, 0x14a00000, 0x14a00000)
  eden space 209792K, 100% used [0x04a00000, 0x116e0000, 0x116e0000)
  from space 26176K,  35% used [0x116e0000, 0x11ff0748, 0x13070000)
  to   space 26176K,   0% used [0x13070000, 0x13070000, 0x14a00000)
 concurrent mark-sweep generation total 786432K, used 326036K [0x14a00000, 0x44a00000, 0x44a00000)
 Metaspace       used 39919K, capacity 41200K, committed 41216K, reserved 41344K
Event: 4109.142 GC heap after
Heap after GC invocations=177 (full 11):
 par new generation   total 235968K, used 9746K [0x04a00000, 0x14a00000, 0x14a00000)
  eden space 209792K,   0% used [0x04a00000, 0x04a00000, 0x116e0000)
  from space 26176K,  37% used [0x13070000, 0x139f4b00, 0x14a00000)
  to   space 26176K,   0% used [0x116e0000, 0x116e0000, 0x13070000)
 concurrent mark-sweep generation total 786432K, used 326050K [0x14a00000, 0x44a00000, 0x44a00000)
 Metaspace       used 39919K, capacity 41200K, committed 41216K, reserved 41344K
}
Event: 4143.106 GC heap before
{Heap before GC invocations=177 (full 11):
 par new generation   total 235968K, used 219538K [0x04a00000, 0x14a00000, 0x14a00000)
  eden space 209792K, 100% used [0x04a00000, 0x116e0000, 0x116e0000)
  from space 26176K,  37% used [0x13070000, 0x139f4b00, 0x14a00000)
  to   space 26176K,   0% used [0x116e0000, 0x116e0000, 0x13070000)
 concurrent mark-sweep generation total 786432K, used 326050K [0x14a00000, 0x44a00000, 0x44a00000)
 Metaspace       used 39919K, capacity 41200K, committed 41216K, reserved 41344K
Event: 4143.116 GC heap after
Heap after GC invocations=178 (full 11):
 par new generation   total 235968K, used 7291K [0x04a00000, 0x14a00000, 0x14a00000)
  eden space 209792K,   0% used [0x04a00000, 0x04a00000, 0x116e0000)
  from space 26176K,  27% used [0x116e0000, 0x11dfed48, 0x13070000)
  to   space 26176K,   0% used [0x13070000, 0x13070000, 0x14a00000)
 concurrent mark-sweep generation total 786432K, used 326358K [0x14a00000, 0x44a00000, 0x44a00000)
 Metaspace       used 39919K, capacity 41200K, committed 41216K, reserved 41344K
}
Event: 4173.886 GC heap before
{Heap before GC invocations=178 (full 11):
 par new generation   total 235968K, used 217083K [0x04a00000, 0x14a00000, 0x14a00000)
  eden space 209792K, 100% used [0x04a00000, 0x116e0000, 0x116e0000)
  from space 26176K,  27% used [0x116e0000, 0x11dfed48, 0x13070000)
  to   space 26176K,   0% used [0x13070000, 0x13070000, 0x14a00000)
 concurrent mark-sweep generation total 786432K, used 326358K [0x14a00000, 0x44a00000, 0x44a00000)
 Metaspace       used 39921K, capacity 41200K, committed 41216K, reserved 41344K
Event: 4173.896 GC heap after
Heap after GC invocations=179 (full 11):
 par new generation   total 235968K, used 5491K [0x04a00000, 0x14a00000, 0x14a00000)
  eden space 209792K,   0% used [0x04a00000, 0x04a00000, 0x116e0000)
  from space 26176K,  20% used [0x13070000, 0x135ccdb8, 0x14a00000)
  to   space 26176K,   0% used [0x116e0000, 0x116e0000, 0x13070000)
 concurrent mark-sweep generation total 786432K, used 328539K [0x14a00000, 0x44a00000, 0x44a00000)
 Metaspace       used 39921K, capacity 41200K, committed 41216K, reserved 41344K
}
Event: 4185.705 GC heap before
{Heap before GC invocations=179 (full 11):
 par new generation   total 235968K, used 215283K [0x04a00000, 0x14a00000, 0x14a00000)
  eden space 209792K, 100% used [0x04a00000, 0x116e0000, 0x116e0000)
  from space 26176K,  20% used [0x13070000, 0x135ccdb8, 0x14a00000)
  to   space 26176K,   0% used [0x116e0000, 0x116e0000, 0x13070000)
 concurrent mark-sweep generation total 786432K, used 328539K [0x14a00000, 0x44a00000, 0x44a00000)
 Metaspace       used 39921K, capacity 41200K, committed 41216K, reserved 41344K
Event: 4185.716 GC heap after
Heap after GC invocations=180 (full 11):
 par new generation   total 235968K, used 13305K [0x04a00000, 0x14a00000, 0x14a00000)
  eden space 209792K,   0% used [0x04a00000, 0x04a00000, 0x116e0000)
  from space 26176K,  50% used [0x116e0000, 0x123de650, 0x13070000)
  to   space 26176K,   0% used [0x13070000, 0x13070000, 0x14a00000)
 concurrent mark-sweep generation total 786432K, used 329191K [0x14a00000, 0x44a00000, 0x44a00000)
 Metaspace       used 39921K, capacity 41200K, committed 41216K, reserved 41344K
}
Event: 4209.773 GC heap before
{Heap before GC invocations=180 (full 11):
 par new generation   total 235968K, used 223097K [0x04a00000, 0x14a00000, 0x14a00000)
  eden space 209792K, 100% used [0x04a00000, 0x116e0000, 0x116e0000)
  from space 26176K,  50% used [0x116e0000, 0x123de650, 0x13070000)
  to   space 26176K,   0% used [0x13070000, 0x13070000, 0x14a00000)
 concurrent mark-sweep generation total 786432K, used 329191K [0x14a00000, 0x44a00000, 0x44a00000)
 Metaspace       used 39921K, capacity 41200K, committed 41216K, reserved 41344K
Event: 4209.785 GC heap after
Heap after GC invocations=181 (full 11):
 par new generation   total 235968K, used 19714K [0x04a00000, 0x14a00000, 0x14a00000)
  eden space 209792K,   0% used [0x04a00000, 0x04a00000, 0x116e0000)
  from space 26176K,  75% used [0x13070000, 0x143b0a50, 0x14a00000)
  to   space 26176K,   0% used [0x116e0000, 0x116e0000, 0x13070000)
 concurrent mark-sweep generation total 786432K, used 329503K [0x14a00000, 0x44a00000, 0x44a00000)
 Metaspace       used 39921K, capacity 41200K, committed 41216K, reserved 41344K
}

